time="2022-08-19 21:29:56" level=info msg="| [service] | ***** Service started ***** |"
time="2022-08-19 21:30:15" level=info msg="| [request] | 201 | 11.763792ms |             ::1 | POST | /token |"
time="2022-08-19 21:30:16" level=info msg="| [request] | 201 | 11.730417ms |             ::1 | POST | /token |"
time="2022-08-19 21:30:17" level=info msg="| [request] | 201 | 11.735167ms |             ::1 | POST | /token |"
time="2022-08-19 21:30:18" level=info msg="| [request] | 201 | 10.878334ms |             ::1 | POST | /token |"
time="2022-08-19 21:30:19" level=info msg="| [request] | 201 | 13.758875ms |             ::1 | POST | /token |"
time="2022-08-19 21:30:20" level=info msg="| [request] | 201 | 9.696959ms |             ::1 | POST | /token |"
time="2022-08-19 21:46:32" level=info msg="| [service] | ***** Service started ***** |"
time="2022-08-19 21:47:33" level=info msg="| [request] | 404 |     167ns |             ::1 | POST | /user |"
time="2022-08-19 21:47:35" level=info msg="| [request] | 404 |     292ns |             ::1 | POST | /user |"
time="2022-08-19 21:47:36" level=info msg="| [request] | 404 |     333ns |             ::1 | POST | /user |"
time="2022-08-19 21:47:37" level=info msg="| [request] | 404 |     250ns |             ::1 | POST | /user |"
time="2022-08-19 21:47:39" level=info msg="| [request] | 404 |     167ns |             ::1 | POST | /user |"
time="2022-08-19 21:47:41" level=info msg="| [request] | 400 | 5.261666ms |             ::1 | POST | /users/ |"
time="2022-08-19 21:48:01" level=info msg="| [request] | 400 | 4.435209ms |             ::1 | POST | /users/ |"
time="2022-08-19 21:48:35" level=info msg="| [request] | 200 | 4.687084ms |             ::1 | GET | /users/rockrockwhite |"
time="2022-08-19 21:48:53" level=info msg="| [request] | 200 | 9.990542ms |             ::1 | GET | /users/rockrockwhites |"
time="2022-08-19 21:48:58" level=info msg="| [request] | 200 | 3.616125ms |             ::1 | GET | /users/rockrockwhitesss |"
time="2022-08-19 21:48:59" level=info msg="| [request] | 200 | 5.329083ms |             ::1 | GET | /users/rockrockwhitesss |"
time="2022-08-19 21:48:59" level=info msg="| [request] | 200 | 3.723458ms |             ::1 | GET | /users/rockrockwhitesss |"
time="2022-08-19 21:49:10" level=info msg="| [request] | 200 | 3.739834ms |             ::1 | GET | /users/rockrockwhitesss |"
time="2022-08-19 21:49:11" level=info msg="| [request] | 200 | 5.483167ms |             ::1 | GET | /users/rockrockwhitesss |"
time="2022-08-19 21:49:11" level=info msg="| [request] | 200 | 3.788625ms |             ::1 | GET | /users/rockrockwhitesss |"
time="2022-08-19 21:49:23" level=info msg="| [request] | 200 | 3.999375ms |             ::1 | GET | /users/123 |"
time="2022-08-19 21:49:23" level=info msg="| [request] | 200 | 5.947167ms |             ::1 | GET | /users/123 |"
time="2022-08-19 21:49:32" level=info msg="| [request] | 200 | 3.776625ms |             ::1 | GET | /users/rockrockwhite |"
time="2022-08-19 21:49:38" level=info msg="| [request] | 200 | 6.470292ms |             ::1 | GET | /users/123 |"
time="2022-08-19 21:49:39" level=info msg="| [request] | 200 | 4.632541ms |             ::1 | GET | /users/123 |"
time="2022-08-19 21:49:40" level=info msg="| [request] | 200 | 3.521292ms |             ::1 | GET | /users/123 |"
time="2022-08-19 21:49:40" level=info msg="| [request] | 200 | 6.013125ms |             ::1 | GET | /users/123 |"
time="2022-08-19 21:49:45" level=info msg="| [request] | 200 | 4.110292ms |             ::1 | GET | /users/rockrockwhite |"
time="2022-08-19 21:50:45" level=info msg="| [service] | ***** Service started ***** |"
time="2022-08-19 21:50:48" level=info msg="| [request] | 200 | 11.641458ms |             ::1 | GET | /users/rockrockwhite |"
time="2022-08-19 21:50:48" level=info msg="| [request] | 200 | 9.005917ms |             ::1 | GET | /users/rockrockwhite |"
time="2022-08-19 21:50:50" level=info msg="| [request] | 404 | 3.692083ms |             ::1 | GET | /users/rockrockwhite1 |"
time="2022-08-19 21:50:54" level=info msg="| [request] | 200 | 6.470167ms |             ::1 | GET | /users/rockrockwhite |"
time="2022-08-19 21:50:56" level=info msg="| [request] | 404 | 4.905333ms |             ::1 | GET | /users/123 |"
time="2022-08-19 21:51:02" level=info msg="| [request] | 200 |  8.7755ms |             ::1 | GET | /users/rockrockwhite |"
time="2022-08-19 21:51:38" level=info msg="| [service] | ***** Service started ***** |"
time="2022-08-19 22:00:25" level=info msg="| [service] | ***** Service started ***** |"
time="2022-08-19 22:00:30" level=info msg="| [request] | 200 | 9.384959ms |             ::1 | GET | /users/rockrockwhite |"
time="2022-08-19 22:00:31" level=info msg="| [request] | 200 | 10.67575ms |             ::1 | GET | /users/rockrockwhite |"
time="2022-08-19 22:00:31" level=info msg="| [request] | 200 | 6.754667ms |             ::1 | GET | /users/rockrockwhite |"
time="2022-08-19 22:00:33" level=info msg="| [request] | 404 | 6.93375ms |             ::1 | GET | /users/rockrockwhite2 |"
time="2022-08-19 22:00:36" level=info msg="| [request] | 200 | 10.113708ms |             ::1 | GET | /users/rockrockwhite |"
time="2022-08-19 22:00:39" level=info msg="| [request] | 400 | 4.40075ms |             ::1 | POST | /users/ |"
time="2022-08-19 22:00:40" level=info msg="| [request] | 400 | 5.950875ms |             ::1 | POST | /users/ |"
time="2022-08-19 22:01:17" level=info msg="| [request] | 404 |     166ns |             ::1 | PATCH | /user/4 |"
time="2022-08-19 22:01:19" level=info msg="| [request] | 404 |     167ns |             ::1 | PATCH | /user/4 |"
time="2022-08-19 22:01:21" level=info msg="| [request] | 401 | 120.542µs |             ::1 | PATCH | /users/4 |"
time="2022-08-19 22:01:27" level=info msg="| [request] | 401 |   94.25µs |             ::1 | PATCH | /users/rockrockwhite |"
time="2022-08-19 22:01:39" level=info msg="| [request] | 201 | 7.591292ms |             ::1 | POST | /token |"
time="2022-08-19 22:01:58" level=info msg="| [request] | 204 | 21.457833ms |             ::1 | PATCH | /users/rockrockwhite |"
time="2022-08-19 22:02:21" level=info msg="| [request] | 404 | 3.964791ms |             ::1 | GET | /users/rockrockwhite |"
time="2022-08-19 22:02:34" level=info msg="| [request] | 200 | 10.809667ms |             ::1 | GET | /users/Patch%E4%BF%AE%E6%94%B9%E6%98%B5%E7%A7%B03 |"
time="2022-08-19 22:02:47" level=info msg="| [request] | 401 | 104.708µs |             ::1 | DELETE | /users/Patch%E4%BF%AE%E6%94%B9%E6%98%B5%E7%A7%B03 |"
time="2022-08-19 22:02:49" level=info msg="| [request] | 401 | 133.958µs |             ::1 | DELETE | /users/Patch%E4%BF%AE%E6%94%B9%E6%98%B5%E7%A7%B03 |"
time="2022-08-19 22:03:09" level=info msg="| [request] | 500 | 5.400083ms |             ::1 | DELETE | /users/Patch%E4%BF%AE%E6%94%B9%E6%98%B5%E7%A7%B03 |"
time="2022-08-19 22:03:17" level=info msg="| [request] | 500 | 5.00575ms |             ::1 | DELETE | /users/Patch%E4%BF%AE%E6%94%B9%E6%98%B5%E7%A7%B03 |"
time="2022-08-19 22:05:38" level=info msg="| [service] | ***** Service started ***** |"
time="2022-08-19 22:05:41" level=info msg="| [request] | 204 | 14.175875ms |             ::1 | DELETE | /users/Patch%E4%BF%AE%E6%94%B9%E6%98%B5%E7%A7%B03 |"
time="2022-08-19 22:05:46" level=info msg="| [request] | 204 | 9.230666ms |             ::1 | DELETE | /users/Patch%E4%BF%AE%E6%94%B9%E6%98%B5%E7%A7%B03 |"
time="2022-08-19 22:05:47" level=info msg="| [request] | 204 | 10.54225ms |             ::1 | DELETE | /users/Patch%E4%BF%AE%E6%94%B9%E6%98%B5%E7%A7%B03 |"
time="2022-08-19 22:05:47" level=info msg="| [request] | 204 | 6.959667ms |             ::1 | DELETE | /users/Patch%E4%BF%AE%E6%94%B9%E6%98%B5%E7%A7%B03 |"
time="2022-08-19 22:05:48" level=info msg="| [request] | 204 | 7.629083ms |             ::1 | DELETE | /users/Patch%E4%BF%AE%E6%94%B9%E6%98%B5%E7%A7%B03 |"
time="2022-08-19 22:09:36" level=info msg="| [service] | ***** Service started ***** |"
time="2022-08-19 22:09:51" level=info msg="| [service] | ***** Service started ***** |"
time="2022-08-19 22:10:29" level=info msg="| [service] | ***** Service started ***** |"
time="2022-08-19 22:10:34" level=info msg="| [request] | 500 | 3.136994s |             ::1 | DELETE | /users/Patch%E4%BF%AE%E6%94%B9%E6%98%B5%E7%A7%B03 |"
time="2022-08-19 22:11:37" level=info msg="| [service] | ***** Service started ***** |"
time="2022-08-19 22:11:40" level=info msg="| [request] | 204 | 19.018708ms |             ::1 | DELETE | /users/Patch%E4%BF%AE%E6%94%B9%E6%98%B5%E7%A7%B03 |"
time="2022-08-19 22:11:42" level=info msg="| [request] | 404 | 5.369459ms |             ::1 | DELETE | /users/Patch%E4%BF%AE%E6%94%B9%E6%98%B5%E7%A7%B03 |"
time="2022-08-19 22:13:25" level=info msg="| [service] | ***** Service started ***** |"
time="2022-08-19 22:13:43" level=info msg="| [request] | 204 | 30.575542ms |             ::1 | PATCH | /users/rockrockwhite |"
time="2022-08-19 22:13:46" level=info msg="| [request] | 404 | 3.813042ms |             ::1 | PATCH | /users/rockrockwhite |"
time="2022-08-21 15:12:25" level=info msg="| [service] | ***** Service started ***** |"
